<?xml version="1.0" encoding="UTF-8"?>
<!-- Generated by org.testng.reporters.JUnitReportReporter -->
<testsuite hostname="LAPTOP-N7T8FIF4" failures="0" tests="4" name="com.supermarket1.tests.ManageOfferCodeTest" time="35.729" errors="0" timestamp="2022-11-09T12:35:52 IST" skipped="0">
  <testcase classname="com.supermarket1.tests.ManageOfferCodeTest" name="verify_SearchOfferCodes" time="21.757"/>
  <system-out/>
  <testcase classname="com.supermarket1.tests.ManageOfferCodeTest" name="verify_SearchOfferCodes" time="4.105"/>
  <system-out/>
  <testcase classname="com.supermarket1.tests.ManageOfferCodeTest" name="verify_SearchOfferCodes" time="4.622"/>
  <system-out/>
  <testcase classname="com.supermarket1.tests.ManageOfferCodeTest" name="verify_SearchOfferCodes" time="5.245"/>
  <system-out/>
</testsuite> <!-- com.supermarket1.tests.ManageOfferCodeTest -->
