<?xml version="1.0" encoding="UTF-8"?>
<!-- Generated by org.testng.reporters.JUnitReportReporter -->
<testsuite hostname="LAPTOP-N7T8FIF4" failures="0" tests="4" name="com.supermarket1.tests.ManageExpenseTest" time="54.170" errors="0" timestamp="2022-11-06T22:33:16 IST" skipped="0">
  <testcase classname="com.supermarket1.tests.ManageExpenseTest" name="verify_SearchOption" time="6.538"/>
  <system-out/>
  <testcase classname="com.supermarket1.tests.ManageExpenseTest" name="verify_SearchOption" time="14.386"/>
  <system-out/>
  <testcase classname="com.supermarket1.tests.ManageExpenseTest" name="verify_SearchOption" time="7.356"/>
  <system-out/>
  <testcase classname="com.supermarket1.tests.ManageExpenseTest" name="verify_SearchOption" time="25.890"/>
  <system-out/>
</testsuite> <!-- com.supermarket1.tests.ManageExpenseTest -->
