<?xml version="1.0" encoding="UTF-8"?>
<!-- Generated by org.testng.reporters.JUnitReportReporter -->
<testsuite hostname="LAPTOP-N7T8FIF4" failures="0" tests="1" name="com.supermarket1.tests.PushNotificationTest" time="5.521" errors="0" timestamp="2022-11-10T11:01:31 IST" skipped="0">
  <testcase classname="com.supermarket1.tests.PushNotificationTest" name="verify_PushNotification" time="5.521"/>
  <system-out/>
</testsuite> <!-- com.supermarket1.tests.PushNotificationTest -->
