<?xml version="1.0" encoding="UTF-8"?>
<!-- Generated by org.testng.reporters.JUnitReportReporter -->
<testsuite hostname="LAPTOP-N7T8FIF4" failures="0" tests="1" name="com.supermarket1.tests.ManageSliderTest" time="7.761" errors="0" timestamp="2022-11-06T14:04:52 IST" skipped="0">
  <testcase classname="com.supermarket1.tests.ManageSliderTest" name="verify_EnterLocationInformations" time="7.761"/>
  <system-out/>
</testsuite> <!-- com.supermarket1.tests.ManageSliderTest -->
