<?xml version="1.0" encoding="UTF-8"?>
<!-- Generated by org.testng.reporters.JUnitReportReporter -->
<testsuite hostname="LAPTOP-N7T8FIF4" failures="0" tests="1" name="com.supermarket.tests.DashBoardTest" time="6.092" errors="0" timestamp="2022-11-01T20:07:40 IST" skipped="0">
  <testcase classname="com.supermarket.tests.DashBoardTest" name="verify_BackGroundColor" time="6.092"/>
  <system-out/>
</testsuite> <!-- com.supermarket.tests.DashBoardTest -->
