<?xml version="1.0" encoding="UTF-8"?>
<!-- Generated by org.testng.reporters.JUnitReportReporter -->
<testsuite hostname="LAPTOP-N7T8FIF4" failures="0" tests="3" name="com.supermarket1.tests.ManageContentTest" time="41.613" errors="0" timestamp="2022-11-06T22:30:29 IST" skipped="0">
  <testcase classname="com.supermarket1.tests.ManageContentTest" name="verify_ManageNewsPage" time="6.988"/>
  <system-out/>
  <testcase classname="com.supermarket1.tests.ManageContentTest" name="verify_ManageNewsPage" time="29.873"/>
  <system-out/>
  <testcase classname="com.supermarket1.tests.ManageContentTest" name="verify_ManageNewsPage" time="4.752"/>
  <system-out/>
</testsuite> <!-- com.supermarket1.tests.ManageContentTest -->
