<?xml version="1.0" encoding="UTF-8"?>
<!-- Generated by org.testng.reporters.JUnitReportReporter -->
<testsuite hostname="LAPTOP-N7T8FIF4" failures="0" tests="1" name="com.supermarket1.tests.ManageOfferCodeTest" time="9.181" errors="0" timestamp="2022-11-07T21:37:22 IST" skipped="0">
  <testcase classname="com.supermarket1.tests.ManageOfferCodeTest" name="verify_ResetListOrders" time="9.181"/>
  <system-out/>
</testsuite> <!-- com.supermarket1.tests.ManageOfferCodeTest -->
