<?xml version="1.0" encoding="UTF-8"?>
<!-- Generated by org.testng.reporters.JUnitReportReporter -->
<testsuite hostname="LAPTOP-N7T8FIF4" failures="0" tests="3" name="com.supermarket1.tests.AdminusersTest" time="12.444" errors="0" timestamp="2022-11-09T00:49:41 IST" skipped="0">
  <testcase classname="com.supermarket1.tests.AdminusersTest" name="verify_SearchAdminUsersInformations" time="3.650"/>
  <system-out/>
  <testcase classname="com.supermarket1.tests.AdminusersTest" name="verify_SearchAdminUsersInformations" time="5.183"/>
  <system-out/>
  <testcase classname="com.supermarket1.tests.AdminusersTest" name="verify_SearchAdminUsersInformations" time="3.611"/>
  <system-out/>
</testsuite> <!-- com.supermarket1.tests.AdminusersTest -->
