<?xml version="1.0" encoding="UTF-8"?>
<!-- Generated by org.testng.reporters.JUnitReportReporter -->
<testsuite hostname="LAPTOP-N7T8FIF4" failures="0" tests="1" name="com.supermarket1.tests.LogInTest" time="6.815" errors="0" timestamp="2022-11-07T20:01:34 IST" skipped="0">
  <testcase classname="com.supermarket1.tests.LogInTest" name="verify_LogIn" time="6.815"/>
  <system-out/>
</testsuite> <!-- com.supermarket1.tests.LogInTest -->
