<?xml version="1.0" encoding="UTF-8"?>
<!-- Generated by org.testng.reporters.JUnitReportReporter -->
<testsuite hostname="LAPTOP-N7T8FIF4" failures="0" tests="3" name="com.supermarket1.tests.ManageContentTest" time="33.443" errors="0" timestamp="2022-11-09T12:34:24 IST" skipped="0">
  <testcase classname="com.supermarket1.tests.ManageContentTest" name="verify_ManageNewsPage" time="21.342"/>
  <system-out/>
  <testcase classname="com.supermarket1.tests.ManageContentTest" name="verify_ManageNewsPage" time="6.727"/>
  <system-out/>
  <testcase classname="com.supermarket1.tests.ManageContentTest" name="verify_ManageNewsPage" time="5.374"/>
  <system-out/>
</testsuite> <!-- com.supermarket1.tests.ManageContentTest -->
