<?xml version="1.0" encoding="UTF-8"?>
<!-- Generated by org.testng.reporters.JUnitReportReporter -->
<testsuite hostname="LAPTOP-N7T8FIF4" failures="0" tests="4" name="com.supermarket1.tests.AdminusersTest" time="33.544" errors="0" timestamp="2022-11-10T11:01:31 IST" skipped="0">
  <testcase classname="com.supermarket1.tests.AdminusersTest" name="verify_SearchAdminUsersInformations" time="21.014"/>
  <system-out/>
  <testcase classname="com.supermarket1.tests.AdminusersTest" name="verify_SearchAdminUsersInformations" time="4.413"/>
  <system-out/>
  <testcase classname="com.supermarket1.tests.AdminusersTest" name="verify_AdminUsersInformations" time="4.026"/>
  <system-out/>
  <testcase classname="com.supermarket1.tests.AdminusersTest" name="verify_SearchAdminUsersInformations" time="4.091"/>
  <system-out/>
</testsuite> <!-- com.supermarket1.tests.AdminusersTest -->
