<?xml version="1.0" encoding="UTF-8"?>
<!-- Generated by org.testng.reporters.JUnitReportReporter -->
<testsuite hostname="LAPTOP-N7T8FIF4" failures="0" tests="1" name="com.supermarket1.tests.ManageDeliveryBoyTest" time="7.796" errors="0" timestamp="2022-11-08T23:29:59 IST" skipped="0">
  <testcase classname="com.supermarket1.tests.ManageDeliveryBoyTest" name="verify_ManageDeliveryBoy" time="7.796"/>
  <system-out/>
</testsuite> <!-- com.supermarket1.tests.ManageDeliveryBoyTest -->
