<?xml version="1.0" encoding="UTF-8"?>
<!-- Generated by org.testng.reporters.JUnitReportReporter -->
<testsuite hostname="LAPTOP-N7T8FIF4" failures="0" tests="1" name="com.supermarket1.tests.MobileSliderTest" time="7.024" errors="0" timestamp="2022-11-06T15:07:43 IST" skipped="0">
  <testcase classname="com.supermarket1.tests.MobileSliderTest" name="verify_StatusOptionForListOfMobileSlider" time="7.024"/>
  <system-out/>
</testsuite> <!-- com.supermarket1.tests.MobileSliderTest -->
