<?xml version="1.0" encoding="UTF-8"?>
<!-- Generated by org.testng.reporters.JUnitReportReporter -->
<testsuite hostname="LAPTOP-N7T8FIF4" failures="0" tests="1" name="com.supermarket1.tests.DashBoardTest" time="6.550" errors="0" timestamp="2022-11-02T20:26:08 IST" skipped="0">
  <testcase classname="com.supermarket1.tests.DashBoardTest" name="verify_IConIsDisplayedOrNot" time="6.550"/>
  <system-out/>
</testsuite> <!-- com.supermarket1.tests.DashBoardTest -->
