<?xml version="1.0" encoding="UTF-8"?>
<!-- Generated by org.testng.reporters.JUnitReportReporter -->
<testsuite hostname="LAPTOP-N7T8FIF4" failures="0" tests="1" name="com.supermarket.tests.LogInTest" time="6.997" errors="0" timestamp="2022-11-01T22:29:50 IST" skipped="0">
  <testcase classname="com.supermarket.tests.LogInTest" name="verify_LogIn" time="6.997"/>
  <system-out/>
</testsuite> <!-- com.supermarket.tests.LogInTest -->
