<?xml version="1.0" encoding="UTF-8"?>
<!-- Generated by org.testng.reporters.JUnitReportReporter -->
<testsuite hostname="LAPTOP-N7T8FIF4" failures="0" tests="1" name="com.supermarket1.tests.PushNotificationTest" time="6.473" errors="0" timestamp="2022-11-09T13:09:45 IST" skipped="0">
  <testcase classname="com.supermarket1.tests.PushNotificationTest" name="verify_PushNotification" time="6.473"/>
  <system-out/>
</testsuite> <!-- com.supermarket1.tests.PushNotificationTest -->
