<?xml version="1.0" encoding="UTF-8"?>
<!-- Generated by org.testng.reporters.JUnitReportReporter -->
<testsuite hostname="LAPTOP-N7T8FIF4" failures="0" tests="3" name="com.supermarket1.tests.DashBoardTest" time="7.300" errors="0" timestamp="2022-11-10T11:01:31 IST" skipped="0">
  <testcase classname="com.supermarket1.tests.DashBoardTest" name="verify_BackGroundColor" time="2.419"/>
  <system-out/>
  <testcase classname="com.supermarket1.tests.DashBoardTest" name="verify_IConIsDisplayedOrNot" time="2.471"/>
  <system-out/>
  <testcase classname="com.supermarket1.tests.DashBoardTest" name="verify_FontSize" time="2.410"/>
  <system-out/>
</testsuite> <!-- com.supermarket1.tests.DashBoardTest -->
