<?xml version="1.0" encoding="UTF-8"?>
<!-- Generated by org.testng.reporters.JUnitReportReporter -->
<testsuite hostname="LAPTOP-N7T8FIF4" failures="0" tests="1" name="com.supermarket1.tests.ManageOrderTest" time="7.601" errors="0" timestamp="2022-11-09T00:06:25 IST" skipped="0">
  <testcase classname="com.supermarket1.tests.ManageOrderTest" name="verify_ViewOption" time="7.601"/>
  <system-out/>
</testsuite> <!-- com.supermarket1.tests.ManageOrderTest -->
